<?xml version="1.0" encoding="UTF-8"?>
<!-- Generated by org.testng.reporters.JUnitXMLReporter -->
<testsuite ignored="1" hostname="DESKTOP-OTVCISA" failures="0" tests="8" name="Default test" time="0.078" errors="0" timestamp="2023-11-04T08:13:50 PDT">
  <testcase classname="com.testng.practice.PracticeTestngMethod" name="login" time="0.007"/>
  <testcase classname="com.testng.practice.PracticeTestngMethod" name="login" time="0.002"/>
  <testcase classname="com.testng.practice.PracticeTestngMethod" name="login" time="0.001"/>
  <testcase classname="com.testng.practice.PracticeTestngMethod" name="login" time="0.001"/>
  <testcase classname="com.testng.practice.PracticeTestngMethod" name="login" time="0.002"/>
  <testcase classname="com.testng.practice.PracticeTestngMethod" name="dress" time="0.001"/>
  <testcase classname="com.testng.practice.PracticeTestngMethod" name="cart" time="0.001"/>
  <testcase classname="com.testng.practice.PracticeTestngMethod" name="placeOrder" time="0.002"/>
  <testcase classname="com.testng.practice.PracticeTestngMethod" name="payment" time="0.0">
    <ignored/>
  </testcase> <!-- payment -->
</testsuite> <!-- Default test -->
