<?xml version="1.0" encoding="UTF-8"?>
<!-- Generated by org.testng.reporters.JUnitXMLReporter -->
<testsuite ignored="2" hostname="DESKTOP-OTVCISA" failures="0" tests="3" name="PracticeTestNgGroup" time="0.042" errors="0" timestamp="2023-11-02T16:24:12 PDT">
  <testcase classname="com.testng.practice.PracticeTestngMethod" name="login" time="0.006"/>
  <testcase classname="com.testng.practice.PracticeTestngMethod" name="dress" time="0.001"/>
  <testcase classname="com.testng.practice.PracticeTestngMethod" name="cart" time="0.001"/>
  <testcase classname="com.testng.practice.PracticeTestngMethod" name="placeOrder" time="0.0">
    <ignored/>
  </testcase> <!-- placeOrder -->
  <testcase classname="com.testng.practice.PracticeTestngMethod" name="payment" time="0.0">
    <ignored/>
  </testcase> <!-- payment -->
</testsuite> <!-- PracticeTestNgGroup -->
