<?xml version="1.0" encoding="UTF-8"?>
<!-- Generated by org.testng.reporters.JUnitXMLReporter -->
<testsuite ignored="4" hostname="DESKTOP-OTVCISA" failures="1" tests="1" name="PracticeTestNgGroup(failed)" time="0.043" errors="0" timestamp="2023-11-02T16:23:09 PDT">
  <testcase classname="com.testng.practice.PracticeTestngMethod" name="login" time="0.007">
    <failure type="java.lang.Error" message="Unresolved compilation problems: 
	Syntax error, insert &amp;quot;AssignmentOperator Expression&amp;quot; to complete Assignment
	Syntax error, insert &amp;quot;;&amp;quot; to complete BlockStatements
	The left-hand side of an assignment must be a variable
">
      <![CDATA[java.lang.Error: Unresolved compilation problems: 
Syntax error, insert "AssignmentOperator Expression" to complete Assignment
Syntax error, insert ";" to complete BlockStatements
The left-hand side of an assignment must be a variable

at com.testng.practice.PracticeTestngMethod.login(PracticeTestngMethod.java:10)
at java.base/java.util.ArrayList.forEach(ArrayList.java:1511)
... Removed 27 stack frames]]>
    </failure>
  </testcase> <!-- login -->
  <testcase classname="com.testng.practice.PracticeTestngMethod" name="dress" time="0.0">
    <ignored/>
  </testcase> <!-- dress -->
  <testcase classname="com.testng.practice.PracticeTestngMethod" name="cart" time="0.0">
    <ignored/>
  </testcase> <!-- cart -->
  <testcase classname="com.testng.practice.PracticeTestngMethod" name="payment" time="0.0">
    <ignored/>
  </testcase> <!-- payment -->
  <testcase classname="com.testng.practice.PracticeTestngMethod" name="placeOrder" time="0.0">
    <ignored/>
  </testcase> <!-- placeOrder -->
</testsuite> <!-- PracticeTestNgGroup(failed) -->
